<?xml version="1.0" encoding="UTF-8"?>
<!-- Generated by org.testng.reporters.JUnitReportReporter -->
<testsuite hostname="DESKTOP-IK62798" failures="0" tests="1" name="TestLayer.LoginPageTest" time="1.435" errors="0" timestamp="2023-07-08T08:22:04 IST" skipped="0">
  <testcase classname="TestLayer.LoginPageTest" name="validateLoginFunctionality" time="1.435"/>
</testsuite> <!-- TestLayer.LoginPageTest -->
